<?xml version="1.0" encoding="UTF-8"?>
<testsuite xmlns:xsi="http://www.w3.org/2001/XMLSchema-instance" xsi:noNamespaceSchemaLocation="https://maven.apache.org/surefire/maven-surefire-plugin/xsd/surefire-test-report.xsd" name="untref.dysac.fibo.EjecutableTest" time="0.185" tests="5" errors="0" skipped="0" failures="0">
  <properties>
[...]
</properties>
  <testcase name="testVerticalDirecto" classname="untref.dysac.fibo.EjecutableTest" time="0.019"/>
  <testcase name="testVerticalInversa" classname="untref.dysac.fibo.EjecutableTest" time="0.002"/>
  <testcase name="testFibonacci" classname="untref.dysac.fibo.EjecutableTest" time="0"/>
  <testcase name="testHorizontalDirect0" classname="untref.dysac.fibo.EjecutableTest" time="0.001"/>
  <testcase name="testHorizontalInversa" classname="untref.dysac.fibo.EjecutableTest" time="0.001"/>
</testsuite>